#
# A fatal error has been detected by the Java Runtime Environment:
#
#  EXCEPTION_ACCESS_VIOLATION (0xc0000005) at pc=0x000000006ebc4979, pid=7560, tid=9052
#
# JRE version: Java(TM) SE Runtime Environment (7.0_67-b01) (build 1.7.0_67-b01)
# Java VM: Java HotSpot(TM) 64-Bit Server VM (24.65-b04 mixed mode windows-amd64 compressed oops)
# Problematic frame:
# V  [jvm.dll+0x54979]
#
# Failed to write core dump. Minidumps are not enabled by default on client versions of Windows
#
# If you would like to submit a bug report, please visit:
#   http://bugreport.sun.com/bugreport/crash.jsp
#

---------------  T H R E A D  ---------------

Current thread (0x00000000082cf000):  JavaThread "JDWP Transport Listener: dt_socket" daemon [_thread_in_vm, id=9052, stack(0x0000000009e20000,0x0000000009f20000)]

siginfo: ExceptionCode=0xc0000005, reading address 0x000000000000000c

Registers:
RAX=0x000000000000000c, RBX=0x00000000082cf000, RCX=0x0000000000000000, RDX=0x0000000000000000
RSP=0x0000000009f1ef40, RBP=0x000000000000000c, RSI=0x0000000000000000, RDI=0x0000000000000010
R8 =0x00000000eae01638, R9 =0x0000000000000000, R10=0x0000000000000000, R11=0x0000000000000001
R12=0x0000000000000000, R13=0x00000000082d7368, R14=0x0000000000000000, R15=0x0000000000000000
RIP=0x000000006ebc4979, EFLAGS=0x0000000000010246

Top of Stack: (sp=0x0000000009f1ef40)
0x0000000009f1ef40:   00000000082cf000 0000000000000000
0x0000000009f1ef50:   0000000000000000 00000000082cf000
0x0000000009f1ef60:   0000000000000000 000000006ec8caa7
0x0000000009f1ef70:   00000000eae01638 0000000009f1f090
0x0000000009f1ef80:   0000000008282b28 0000000009f1f060
0x0000000009f1ef90:   00000000082cf000 0000000000000000
0x0000000009f1efa0:   0000000008282b28 0000000009f1f090
0x0000000009f1efb0:   0000000000000000 00000000082d7368
0x0000000009f1efc0:   0000000000000000 00000000549d7d15
0x0000000009f1efd0:   0000000009f1f060 0000000009f1f090
0x0000000009f1efe0:   0000000008282b28 00000000082cf1e8
0x0000000009f1eff0:   000000000831320a 00000000549df090
0x0000000009f1f000:   0000000008010a01 0000000009f1f100
0x0000000009f1f010:   00000000082d6f01 0000000008277060
0x0000000009f1f020:   0000087300000013 0000000008010a00
0x0000000009f1f030:   000000000205e540 000000006ecfd3ba 

Instructions: (pc=0x000000006ebc4979)
0x000000006ebc4959:   d2 48 8b c5 eb 18 48 8b d0 48 8b c5 48 d3 e2 48
0x000000006ebc4969:   03 15 41 ff 69 00 eb 06 48 8b 12 48 8b c7 48 98
0x000000006ebc4979:   8b 14 10 85 d2 74 2a 45 84 db 4c 63 c6 48 0f 45
0x000000006ebc4989:   fd 8d 47 0b 48 63 c8 48 83 e1 f8 48 c1 e9 03 8d 


Register to memory mapping:

RAX=0x000000000000000c is an unknown value
RBX=0x00000000082cf000 is a thread
RCX=0x0000000000000000 is an unknown value
RDX=0x0000000000000000 is an unknown value
RSP=0x0000000009f1ef40 is pointing into the stack for thread: 0x00000000082cf000
RBP=0x000000000000000c is an unknown value
RSI=0x0000000000000000 is an unknown value
RDI=0x0000000000000010 is an unknown value
R8 =0x00000000eae01638 is an oop
java.lang.String 
 - klass: 'java/lang/String'
R9 =0x0000000000000000 is an unknown value
R10=0x0000000000000000 is an unknown value
R11=0x0000000000000001 is an unknown value
R12=0x0000000000000000 is an unknown value
R13=0x00000000082d7368 is an unknown value
R14=0x0000000000000000 is an unknown value
R15=0x0000000000000000 is an unknown value


Stack: [0x0000000009e20000,0x0000000009f20000],  sp=0x0000000009f1ef40,  free space=1019k
Native frames: (J=compiled Java code, j=interpreted, Vv=VM code, C=native code)
V  [jvm.dll+0x54979]


---------------  P R O C E S S  ---------------

Java Threads: ( => current thread )
  0x00000000082fd000 JavaThread "Service Thread" daemon [_thread_blocked, id=9036, stack(0x000000000a250000,0x000000000a350000)]
  0x00000000082f9800 JavaThread "C2 CompilerThread1" daemon [_thread_blocked, id=5024, stack(0x000000000a0e0000,0x000000000a1e0000)]
  0x00000000082f4000 JavaThread "C2 CompilerThread0" daemon [_thread_blocked, id=6148, stack(0x0000000009a80000,0x0000000009b80000)]
  0x00000000082e2800 JavaThread "JDWP Command Reader" daemon [_thread_in_native, id=9032, stack(0x0000000009f70000,0x000000000a070000)]
  0x00000000082df000 JavaThread "JDWP Event Helper Thread" daemon [_thread_blocked, id=8592, stack(0x0000000009be0000,0x0000000009ce0000)]
=>0x00000000082cf000 JavaThread "JDWP Transport Listener: dt_socket" daemon [_thread_in_vm, id=9052, stack(0x0000000009e20000,0x0000000009f20000)]
  0x00000000082c8000 JavaThread "Attach Listener" daemon [_thread_blocked, id=6308, stack(0x0000000009050000,0x0000000009150000)]
  0x00000000082c6800 JavaThread "Signal Dispatcher" daemon [_thread_blocked, id=6708, stack(0x00000000092a0000,0x00000000093a0000)]
  0x000000000212f800 JavaThread "Finalizer" daemon [_thread_blocked, id=8892, stack(0x0000000009180000,0x0000000009280000)]
  0x000000000212d800 JavaThread "Reference Handler" daemon [_thread_blocked, id=8624, stack(0x0000000008e90000,0x0000000008f90000)]
  0x0000000002050000 JavaThread "main" [_thread_blocked, id=4664, stack(0x00000000022e0000,0x00000000023e0000)]

Other Threads:
  0x0000000002128000 VMThread [stack: 0x0000000008cb0000,0x0000000008db0000] [id=6836]
  0x0000000008308000 WatcherThread [stack: 0x000000000a490000,0x000000000a590000] [id=7780]

VM state:not at safepoint (normal execution)

VM Mutex/Monitor currently owned by a thread: None

Heap
 PSYoungGen      total 19456K, used 1355K [0x00000000ead00000, 0x00000000ec280000, 0x0000000100000000)
  eden space 16896K, 8% used [0x00000000ead00000,0x00000000eae52d40,0x00000000ebd80000)
  from space 2560K, 0% used [0x00000000ec000000,0x00000000ec000000,0x00000000ec280000)
  to   space 2560K, 0% used [0x00000000ebd80000,0x00000000ebd80000,0x00000000ec000000)
 ParOldGen       total 43008K, used 0K [0x00000000c0800000, 0x00000000c3200000, 0x00000000ead00000)
  object space 43008K, 0% used [0x00000000c0800000,0x00000000c0800000,0x00000000c3200000)
 PSPermGen       total 21504K, used 2461K [0x00000000bb600000, 0x00000000bcb00000, 0x00000000c0800000)
  object space 21504K, 11% used [0x00000000bb600000,0x00000000bb8674c0,0x00000000bcb00000)

Card table byte_map: [0x00000000054a0000,0x00000000056d0000] byte_map_base: 0x0000000004ec5000

Polling page: 0x0000000000230000

Code Cache  [0x00000000023e0000, 0x0000000002650000, 0x00000000053e0000)
 total_blobs=157 nmethods=0 adapters=134 free_code_cache=48777Kb largest_free_block=49947648

Compilation events (0 events):
No events

GC Heap History (0 events):
No events

Deoptimization events (0 events):
No events

Internal exceptions (4 events):
Event: 0.147 Thread 0x0000000002050000 Threw 0x00000000ead106a8 at C:\re\jdk7u67\1368\hotspot\src\share\vm\prims\jni.cpp:3991
Event: 1.148 Thread 0x0000000002050000 Threw 0x00000000ead4c9a8 at C:\re\jdk7u67\1368\hotspot\src\share\vm\prims\jvm.cpp:1244
Event: 1.155 Thread 0x0000000002050000 Threw 0x00000000ead526f8 at C:\re\jdk7u67\1368\hotspot\src\share\vm\prims\jvm.cpp:1244
Event: 1.180 Thread 0x0000000002050000 Threw 0x00000000eadff918 at C:\re\jdk7u67\1368\hotspot\src\share\vm\prims\jvm.cpp:1244

Events (10 events):
Event: 200.984 Executing VM operation: GetCurrentLocation
Event: 200.984 Executing VM operation: GetCurrentLocation done
Event: 200.984 Executing VM operation: ChangeSingleStep
Event: 200.984 Executing VM operation: ChangeSingleStep done
Event: 200.986 Executing VM operation: ChangeSingleStep
Event: 200.986 Executing VM operation: ChangeSingleStep done
Event: 201.031 Executing VM operation: GetOrSetLocal
Event: 201.031 Executing VM operation: GetOrSetLocal done
Event: 201.033 Executing VM operation: GetOrSetLocal
Event: 201.033 Executing VM operation: GetOrSetLocal done


Dynamic libraries:
0x000000013ffd0000 - 0x0000000140003000 	D:\app\Java\jdk1.7.0_67\jre\bin\javaw.exe
0x0000000076d60000 - 0x0000000076f09000 	C:\Windows\SYSTEM32\ntdll.dll
0x0000000076c40000 - 0x0000000076d5f000 	C:\Windows\system32\kernel32.dll
0x000007fefcef0000 - 0x000007fefcf5b000 	C:\Windows\system32\KERNELBASE.dll
0x000007fefcf90000 - 0x000007fefd06b000 	C:\Windows\system32\ADVAPI32.dll
0x000007fefef60000 - 0x000007fefefff000 	C:\Windows\system32\msvcrt.dll
0x000007fefd070000 - 0x000007fefd08f000 	C:\Windows\SYSTEM32\sechost.dll
0x000007fefddb0000 - 0x000007fefdedd000 	C:\Windows\system32\RPCRT4.dll
0x0000000076b40000 - 0x0000000076c3a000 	C:\Windows\system32\USER32.dll
0x000007fefdb10000 - 0x000007fefdb77000 	C:\Windows\system32\GDI32.dll
0x000007feff060000 - 0x000007feff06e000 	C:\Windows\system32\LPK.dll
0x000007fefd9f0000 - 0x000007fefdab9000 	C:\Windows\system32\USP10.dll
0x000007fefba10000 - 0x000007fefbc04000 	C:\Windows\WinSxS\amd64_microsoft.windows.common-controls_6595b64144ccf1df_6.0.7601.17514_none_fa396087175ac9ac\COMCTL32.dll
0x000007fefd090000 - 0x000007fefd101000 	C:\Windows\system32\SHLWAPI.dll
0x000007fefdee0000 - 0x000007fefdf0e000 	C:\Windows\system32\IMM32.DLL
0x000007fefd8e0000 - 0x000007fefd9e9000 	C:\Windows\system32\MSCTF.dll
0x0000000052f30000 - 0x0000000053002000 	D:\app\Java\jdk1.7.0_67\jre\bin\msvcr100.dll
0x000000006eb70000 - 0x000000006f342000 	D:\app\Java\jdk1.7.0_67\jre\bin\server\jvm.dll
0x000007fef7ca0000 - 0x000007fef7ca9000 	C:\Windows\system32\WSOCK32.dll
0x000007fefdac0000 - 0x000007fefdb0d000 	C:\Windows\system32\WS2_32.dll
0x000007fefcf80000 - 0x000007fefcf88000 	C:\Windows\system32\NSI.dll
0x000007fefa8a0000 - 0x000007fefa8db000 	C:\Windows\system32\WINMM.dll
0x0000000076f20000 - 0x0000000076f27000 	C:\Windows\system32\PSAPI.DLL
0x0000000071850000 - 0x000000007185f000 	D:\app\Java\jdk1.7.0_67\jre\bin\verify.dll
0x000000006d310000 - 0x000000006d338000 	D:\app\Java\jdk1.7.0_67\jre\bin\java.dll
0x00000000549d0000 - 0x0000000054a05000 	D:\app\Java\jdk1.7.0_67\jre\bin\jdwp.dll
0x0000000071840000 - 0x0000000071848000 	D:\app\Java\jdk1.7.0_67\jre\bin\npt.dll
0x0000000062550000 - 0x0000000062565000 	D:\app\Java\jdk1.7.0_67\jre\bin\zip.dll
0x000000006d4d0000 - 0x000000006d4d9000 	D:\app\Java\jdk1.7.0_67\jre\bin\dt_socket.dll
0x000007fefaab0000 - 0x000007fefaac5000 	C:\Windows\system32\NLAapi.dll
0x000007fef8a30000 - 0x000007fef8a45000 	C:\Windows\system32\napinsp.dll
0x000007fef8a50000 - 0x000007fef8a69000 	C:\Windows\system32\pnrpnsp.dll
0x000007fefc360000 - 0x000007fefc3b5000 	C:\Windows\System32\mswsock.dll
0x000007fefc1e0000 - 0x000007fefc23b000 	C:\Windows\system32\DNSAPI.dll
0x000007fef92f0000 - 0x000007fef92fb000 	C:\Windows\System32\winrnr.dll
0x0000000074730000 - 0x0000000074756000 	C:\Program Files\Bonjour\mdnsNSP.dll
0x000007fefa070000 - 0x000007fefa097000 	C:\Windows\system32\Iphlpapi.DLL
0x000007fefa020000 - 0x000007fefa02b000 	C:\Windows\system32\WINNSI.DLL
0x000007fef8a20000 - 0x000007fef8a30000 	C:\Windows\system32\wshbth.dll
0x000007fef9e70000 - 0x000007fef9ec3000 	C:\Windows\System32\fwpuclnt.dll
0x000007fef9440000 - 0x000007fef9448000 	C:\Windows\system32\rasadhlp.dll
0x000007fefb820000 - 0x000007fefb827000 	C:\Windows\System32\wshtcpip.dll
0x000007fef80c0000 - 0x000007fef81e5000 	C:\Windows\system32\dbghelp.dll

VM Arguments:
jvm_args: -agentlib:jdwp=transport=dt_socket,suspend=y,address=localhost:7960 -Dfile.encoding=Cp1251 
java_command: lesson7.ownlist.LinkedListLauncher
Launcher Type: SUN_STANDARD

Environment Variables:
PATH=D:\app\Java\jdk1.7.0_67\jre\bin;C:\Program Files (x86)\PC Connectivity Solution\;C:\Windows\system32;C:\Windows;C:\Windows\System32\Wbem;C:\Windows\System32\WindowsPowerShell\v1.0\;C:\Program Files (x86)\Microsoft SQL Server\110\Tools\Binn\ManagementStudio\;C:\Program Files (x86)\Microsoft SQL Server\110\Tools\Binn\;C:\Program Files\Microsoft SQL Server\110\Tools\Binn\;C:\Program Files (x86)\Microsoft SQL Server\110\DTS\Binn\;C:\Program Files\TortoiseSVN\bin;C:\Program Files (x86)\Microsoft SQL Server\100\Tools\Binn\;C:\Program Files\Microsoft SQL Server\100\Tools\Binn\;C:\Program Files\Microsoft SQL Server\100\DTS\Binn\;C:\Windows\system32\wbem;C:\Program Files (x86)\IVT Corporation\BlueSoleil\Mobile;C:\Program Files (x86)\Windows Kits\8.1\Windows Performance Toolkit\;C:\Program Files\WIDCOMM\Bluetooth Software\;C:\Program Files\WIDCOMM\Bluetooth Software\syswow64;C:\Program Files\Java\jdk1.7.0_65\bin
USERNAME=isemenov
OS=Windows_NT
PROCESSOR_IDENTIFIER=Intel64 Family 6 Model 23 Stepping 6, GenuineIntel



---------------  S Y S T E M  ---------------

OS: Windows 7 , 64 bit Build 7601 Service Pack 1

CPU:total 2 (2 cores per cpu, 1 threads per core) family 6 model 23 stepping 6, cmov, cx8, fxsr, mmx, sse, sse2, sse3, ssse3, sse4.1, tsc

Memory: 4k page, physical 4157712k(1168492k free), swap 8313564k(2812396k free)

vm_info: Java HotSpot(TM) 64-Bit Server VM (24.65-b04) for windows-amd64 JRE (1.7.0_67-b01), built on Jul 25 2014 08:55:00 by "java_re" with unknown MS VC++:1600

time: Tue Nov 04 15:41:39 2014
elapsed time: 201 seconds

